# JRE version: Java(TM) SE Runtime Environment (8.0_231-b11) (build 1.8.0_231-b11)
# Java VM: Java HotSpot(TM) 64-Bit Server VM (25.231-b11 mixed mode windows-amd64 compressed oops)
Heap:
 PSYoungGen      total 99328K, used 70352K [0x00000000d5f00000, 0x00000000df380000, 0x0000000100000000)
  eden space 91648K, 68% used [0x00000000d5f00000,0x00000000d9c70a90,0x00000000db880000)
  from space 7680K, 96% used [0x00000000dec00000,0x00000000df3438a0,0x00000000df380000)
  to   space 11264K, 0% used [0x00000000ddd80000,0x00000000ddd80000,0x00000000de880000)
 ParOldGen       total 69120K, used 10764K [0x0000000081c00000, 0x0000000085f80000, 0x00000000d5f00000)
  object space 69120K, 15% used [0x0000000081c00000,0x0000000082683240,0x0000000085f80000)
 Metaspace       used 31700K, capacity 32148K, committed 32384K, reserved 1077248K
  class space    used 4232K, capacity 4368K, committed 4480K, reserved 1048576K
GC Heap History (10 events):
Event: 1.418 GC heap before
{Heap before GC invocations=3 (full 0):
 PSYoungGen      total 38400K, used 38248K [0x00000000d5f00000, 0x00000000d8980000, 0x0000000100000000)
  eden space 33280K, 100% used [0x00000000d5f00000,0x00000000d7f80000,0x00000000d7f80000)
  from space 5120K, 97% used [0x00000000d8480000,0x00000000d895a130,0x00000000d8980000)
  to   space 5120K, 0% used [0x00000000d7f80000,0x00000000d7f80000,0x00000000d8480000)
 ParOldGen       total 87552K, used 80K [0x0000000081c00000, 0x0000000087180000, 0x00000000d5f00000)
  object space 87552K, 0% used [0x0000000081c00000,0x0000000081c14010,0x0000000087180000)
 Metaspace       used 13474K, capacity 13694K, committed 13824K, reserved 1060864K
  class space    used 1692K, capacity 1743K, committed 1792K, reserved 1048576K
Event: 1.428 GC heap after
Heap after GC invocations=3 (full 0):
 PSYoungGen      total 38400K, used 5117K [0x00000000d5f00000, 0x00000000daa00000, 0x0000000100000000)
  eden space 33280K, 0% used [0x00000000d5f00000,0x00000000d5f00000,0x00000000d7f80000)
  from space 5120K, 99% used [0x00000000d7f80000,0x00000000d847f448,0x00000000d8480000)
  to   space 5120K, 0% used [0x00000000da500000,0x00000000da500000,0x00000000daa00000)
 ParOldGen       total 87552K, used 994K [0x0000000081c00000, 0x0000000087180000, 0x00000000d5f00000)
  object space 87552K, 1% used [0x0000000081c00000,0x0000000081cf88b8,0x0000000087180000)
 Metaspace       used 13474K, capacity 13694K, committed 13824K, reserved 1060864K
  class space    used 1692K, capacity 1743K, committed 1792K, reserved 1048576K
}
Event: 1.726 GC heap before
{Heap before GC invocations=4 (full 0):
 PSYoungGen      total 38400K, used 38397K [0x00000000d5f00000, 0x00000000daa00000, 0x0000000100000000)
  eden space 33280K, 100% used [0x00000000d5f00000,0x00000000d7f80000,0x00000000d7f80000)
  from space 5120K, 99% used [0x00000000d7f80000,0x00000000d847f448,0x00000000d8480000)
  to   space 5120K, 0% used [0x00000000da500000,0x00000000da500000,0x00000000daa00000)
 ParOldGen       total 87552K, used 994K [0x0000000081c00000, 0x0000000087180000, 0x00000000d5f00000)
  object space 87552K, 1% used [0x0000000081c00000,0x0000000081cf88b8,0x0000000087180000)
 Metaspace       used 14370K, capacity 14574K, committed 14848K, reserved 1062912K
  class space    used 1976K, capacity 2033K, committed 2048K, reserved 1048576K
Event: 1.734 GC heap after
Heap after GC invocations=4 (full 0):
 PSYoungGen      total 71680K, used 5090K [0x00000000d5f00000, 0x00000000daa00000, 0x0000000100000000)
  eden space 66560K, 0% used [0x00000000d5f00000,0x00000000d5f00000,0x00000000da000000)
  from space 5120K, 99% used [0x00000000da500000,0x00000000da9f88b0,0x00000000daa00000)
  to   space 5120K, 0% used [0x00000000da000000,0x00000000da000000,0x00000000da500000)
 ParOldGen       total 87552K, used 1922K [0x0000000081c00000, 0x0000000087180000, 0x00000000d5f00000)
  object space 87552K, 2% used [0x0000000081c00000,0x0000000081de08b8,0x0000000087180000)
 Metaspace       used 14370K, capacity 14574K, committed 14848K, reserved 1062912K
  class space    used 1976K, capacity 2033K, committed 2048K, reserved 1048576K
}
Event: 3.070 GC heap before
{Heap before GC invocations=5 (full 0):
 PSYoungGen      total 71680K, used 49378K [0x00000000d5f00000, 0x00000000daa00000, 0x0000000100000000)
  eden space 66560K, 66% used [0x00000000d5f00000,0x00000000d8a400b0,0x00000000da000000)
  from space 5120K, 99% used [0x00000000da500000,0x00000000da9f88b0,0x00000000daa00000)
  to   space 5120K, 0% used [0x00000000da000000,0x00000000da000000,0x00000000da500000)
 ParOldGen       total 87552K, used 1922K [0x0000000081c00000, 0x0000000087180000, 0x00000000d5f00000)
  object space 87552K, 2% used [0x0000000081c00000,0x0000000081de08b8,0x0000000087180000)
 Metaspace       used 20737K, capacity 21092K, committed 21248K, reserved 1067008K
  class space    used 2849K, capacity 2978K, committed 3072K, reserved 1048576K
Event: 3.084 GC heap after
Heap after GC invocations=5 (full 0):
 PSYoungGen      total 71680K, used 5117K [0x00000000d5f00000, 0x00000000df700000, 0x0000000100000000)
  eden space 66560K, 0% used [0x00000000d5f00000,0x00000000d5f00000,0x00000000da000000)
  from space 5120K, 99% used [0x00000000da000000,0x00000000da4ff448,0x00000000da500000)
  to   space 11264K, 0% used [0x00000000dec00000,0x00000000dec00000,0x00000000df700000)
 ParOldGen       total 87552K, used 7540K [0x0000000081c00000, 0x0000000087180000, 0x00000000d5f00000)
  object space 87552K, 8% used [0x0000000081c00000,0x000000008235d0a8,0x0000000087180000)
 Metaspace       used 20737K, capacity 21092K, committed 21248K, reserved 1067008K
  class space    used 2849K, capacity 2978K, committed 3072K, reserved 1048576K
}
Event: 3.084 GC heap before
{Heap before GC invocations=6 (full 1):
 PSYoungGen      total 71680K, used 5117K [0x00000000d5f00000, 0x00000000df700000, 0x0000000100000000)
  eden space 66560K, 0% used [0x00000000d5f00000,0x00000000d5f00000,0x00000000da000000)
  from space 5120K, 99% used [0x00000000da000000,0x00000000da4ff448,0x00000000da500000)
  to   space 11264K, 0% used [0x00000000dec00000,0x00000000dec00000,0x00000000df700000)
 ParOldGen       total 87552K, used 7540K [0x0000000081c00000, 0x0000000087180000, 0x00000000d5f00000)
  object space 87552K, 8% used [0x0000000081c00000,0x000000008235d0a8,0x0000000087180000)
 Metaspace       used 20737K, capacity 21092K, committed 21248K, reserved 1067008K
  class space    used 2849K, capacity 2978K, committed 3072K, reserved 1048576K
Event: 3.143 GC heap after
Heap after GC invocations=6 (full 1):
 PSYoungGen      total 71680K, used 0K [0x00000000d5f00000, 0x00000000df700000, 0x0000000100000000)
  eden space 66560K, 0% used [0x00000000d5f00000,0x00000000d5f00000,0x00000000da000000)
  from space 5120K, 0% used [0x00000000da000000,0x00000000da000000,0x00000000da500000)
  to   space 11264K, 0% used [0x00000000dec00000,0x00000000dec00000,0x00000000df700000)
 ParOldGen       total 69120K, used 10756K [0x0000000081c00000, 0x0000000085f80000, 0x00000000d5f00000)
  object space 69120K, 15% used [0x0000000081c00000,0x0000000082681240,0x0000000085f80000)
 Metaspace       used 20737K, capacity 21092K, committed 21248K, reserved 1067008K
  class space    used 2849K, capacity 2978K, committed 3072K, reserved 1048576K
}
Event: 4.894 GC heap before
{Heap before GC invocations=7 (full 1):
 PSYoungGen      total 71680K, used 66560K [0x00000000d5f00000, 0x00000000df700000, 0x0000000100000000)
  eden space 66560K, 100% used [0x00000000d5f00000,0x00000000da000000,0x00000000da000000)
  from space 5120K, 0% used [0x00000000da000000,0x00000000da000000,0x00000000da500000)
  to   space 11264K, 0% used [0x00000000dec00000,0x00000000dec00000,0x00000000df700000)
 ParOldGen       total 69120K, used 10756K [0x0000000081c00000, 0x0000000085f80000, 0x00000000d5f00000)
  object space 69120K, 15% used [0x0000000081c00000,0x0000000082681240,0x0000000085f80000)
 Metaspace       used 26898K, capacity 27266K, committed 27648K, reserved 1073152K
  class space    used 3671K, capacity 3789K, committed 3840K, reserved 1048576K
Event: 4.903 GC heap after
Heap after GC invocations=7 (full 1):
 PSYoungGen      total 99328K, used 7438K [0x00000000d5f00000, 0x00000000df380000, 0x0000000100000000)
  eden space 91648K, 0% used [0x00000000d5f00000,0x00000000d5f00000,0x00000000db880000)
  from space 7680K, 96% used [0x00000000dec00000,0x00000000df3438a0,0x00000000df380000)
  to   space 11264K, 0% used [0x00000000ddd80000,0x00000000ddd80000,0x00000000de880000)
 ParOldGen       total 69120K, used 10764K [0x0000000081c00000, 0x0000000085f80000, 0x00000000d5f00000)
  object space 69120K, 15% used [0x0000000081c00000,0x0000000082683240,0x0000000085f80000)
 Metaspace       used 26898K, capacity 27266K, committed 27648K, reserved 1073152K
  class space    used 3671K, capacity 3789K, committed 3840K, reserved 1048576K
}

